<?xml version="1.0" encoding="UTF-8"?>
<!-- Generated by org.testng.reporters.JUnitXMLReporter -->
<testsuite ignored="0" hostname="DESKTOP-966SGSR" failures="0" tests="7" name="Default test" time="54.621" errors="0" timestamp="2022-10-11T14:14:42 IST">
  <testcase classname="com.simplilearn.demo.FlipkartLogin" name="initialization_T0" time="2.826"/>
  <testcase classname="com.simplilearn.demo.FlipkartLogin" name="cross_T1" time="30.213"/>
  <testcase classname="com.simplilearn.demo.FlipkartLogin" name="TitleTest_T2" time="0.024"/>
  <testcase classname="com.simplilearn.demo.FlipkartLogin" name="MaxWindow_T3" time="0.147"/>
  <testcase classname="com.simplilearn.demo.FlipkartLogin" name="SendingQuerry_T4" time="0.143"/>
  <testcase classname="com.simplilearn.demo.FlipkartLogin" name="Search_T5" time="0.096"/>
  <testcase classname="com.simplilearn.demo.FlipkartLogin" name="Scroll_T6" time="0.041"/>
</testsuite> <!-- Default test -->
