<?xml version="1.0" encoding="UTF-8"?>
<testng-results ignored="0" total="7" passed="7" failed="0" skipped="0">
  <reporter-output>
  </reporter-output>
  <suite started-at="2022-10-11T14:13:48 IST" name="Default suite" finished-at="2022-10-11T14:14:42 IST" duration-ms="54621">
    <groups>
      <group name="Chrome">
        <method signature="FlipkartLogin.cross_T1()[pri:0, instance:com.simplilearn.demo.FlipkartLogin@d5b810e]" name="cross_T1" class="com.simplilearn.demo.FlipkartLogin"/>
        <method signature="FlipkartLogin.TitleTest_T2()[pri:0, instance:com.simplilearn.demo.FlipkartLogin@d5b810e]" name="TitleTest_T2" class="com.simplilearn.demo.FlipkartLogin"/>
        <method signature="FlipkartLogin.MaxWindow_T3()[pri:0, instance:com.simplilearn.demo.FlipkartLogin@d5b810e]" name="MaxWindow_T3" class="com.simplilearn.demo.FlipkartLogin"/>
        <method signature="FlipkartLogin.SendingQuerry_T4()[pri:0, instance:com.simplilearn.demo.FlipkartLogin@d5b810e]" name="SendingQuerry_T4" class="com.simplilearn.demo.FlipkartLogin"/>
        <method signature="FlipkartLogin.Search_T5()[pri:0, instance:com.simplilearn.demo.FlipkartLogin@d5b810e]" name="Search_T5" class="com.simplilearn.demo.FlipkartLogin"/>
        <method signature="FlipkartLogin.Scroll_T6()[pri:0, instance:com.simplilearn.demo.FlipkartLogin@d5b810e]" name="Scroll_T6" class="com.simplilearn.demo.FlipkartLogin"/>
      </group> <!-- Chrome -->
    </groups>
    <test started-at="2022-10-11T14:13:48 IST" name="Default test" finished-at="2022-10-11T14:14:42 IST" duration-ms="54621">
      <class name="com.simplilearn.demo.FlipkartLogin">
        <test-method signature="initialization_T0()[pri:0, instance:com.simplilearn.demo.FlipkartLogin@d5b810e]" started-at="2022-10-11T14:13:48 IST" name="initialization_T0" finished-at="2022-10-11T14:13:51 IST" duration-ms="2826" status="PASS">
          <reporter-output>
          </reporter-output>
        </test-method> <!-- initialization_T0 -->
        <test-method is-config="true" signature="afterMethod()[pri:0, instance:com.simplilearn.demo.FlipkartLogin@d5b810e]" started-at="2022-10-11T14:13:51 IST" name="afterMethod" finished-at="2022-10-11T14:13:54 IST" duration-ms="3014" status="PASS">
          <reporter-output>
          </reporter-output>
        </test-method> <!-- afterMethod -->
        <test-method signature="cross_T1()[pri:0, instance:com.simplilearn.demo.FlipkartLogin@d5b810e]" started-at="2022-10-11T14:13:54 IST" name="cross_T1" finished-at="2022-10-11T14:14:24 IST" depends-on-methods="com.simplilearn.demo.FlipkartLogin.initialization_T0" duration-ms="30213" status="PASS">
          <reporter-output>
          </reporter-output>
        </test-method> <!-- cross_T1 -->
        <test-method is-config="true" signature="afterMethod()[pri:0, instance:com.simplilearn.demo.FlipkartLogin@d5b810e]" started-at="2022-10-11T14:14:24 IST" name="afterMethod" finished-at="2022-10-11T14:14:27 IST" duration-ms="3002" status="PASS">
          <reporter-output>
          </reporter-output>
        </test-method> <!-- afterMethod -->
        <test-method signature="TitleTest_T2()[pri:0, instance:com.simplilearn.demo.FlipkartLogin@d5b810e]" started-at="2022-10-11T14:14:27 IST" name="TitleTest_T2" finished-at="2022-10-11T14:14:27 IST" depends-on-methods="com.simplilearn.demo.FlipkartLogin.cross_T1" duration-ms="24" status="PASS">
          <reporter-output>
          </reporter-output>
        </test-method> <!-- TitleTest_T2 -->
        <test-method is-config="true" signature="afterMethod()[pri:0, instance:com.simplilearn.demo.FlipkartLogin@d5b810e]" started-at="2022-10-11T14:14:27 IST" name="afterMethod" finished-at="2022-10-11T14:14:30 IST" duration-ms="3000" status="PASS">
          <reporter-output>
          </reporter-output>
        </test-method> <!-- afterMethod -->
        <test-method signature="MaxWindow_T3()[pri:0, instance:com.simplilearn.demo.FlipkartLogin@d5b810e]" started-at="2022-10-11T14:14:30 IST" name="MaxWindow_T3" finished-at="2022-10-11T14:14:30 IST" depends-on-methods="com.simplilearn.demo.FlipkartLogin.TitleTest_T2" duration-ms="147" status="PASS">
          <reporter-output>
          </reporter-output>
        </test-method> <!-- MaxWindow_T3 -->
        <test-method is-config="true" signature="afterMethod()[pri:0, instance:com.simplilearn.demo.FlipkartLogin@d5b810e]" started-at="2022-10-11T14:14:30 IST" name="afterMethod" finished-at="2022-10-11T14:14:33 IST" duration-ms="3001" status="PASS">
          <reporter-output>
          </reporter-output>
        </test-method> <!-- afterMethod -->
        <test-method signature="SendingQuerry_T4()[pri:0, instance:com.simplilearn.demo.FlipkartLogin@d5b810e]" started-at="2022-10-11T14:14:33 IST" name="SendingQuerry_T4" finished-at="2022-10-11T14:14:33 IST" depends-on-methods="com.simplilearn.demo.FlipkartLogin.MaxWindow_T3" duration-ms="143" status="PASS">
          <reporter-output>
          </reporter-output>
        </test-method> <!-- SendingQuerry_T4 -->
        <test-method is-config="true" signature="afterMethod()[pri:0, instance:com.simplilearn.demo.FlipkartLogin@d5b810e]" started-at="2022-10-11T14:14:33 IST" name="afterMethod" finished-at="2022-10-11T14:14:36 IST" duration-ms="3007" status="PASS">
          <reporter-output>
          </reporter-output>
        </test-method> <!-- afterMethod -->
        <test-method signature="Search_T5()[pri:0, instance:com.simplilearn.demo.FlipkartLogin@d5b810e]" started-at="2022-10-11T14:14:36 IST" name="Search_T5" finished-at="2022-10-11T14:14:36 IST" depends-on-methods="com.simplilearn.demo.FlipkartLogin.SendingQuerry_T4" duration-ms="96" status="PASS">
          <reporter-output>
          </reporter-output>
        </test-method> <!-- Search_T5 -->
        <test-method is-config="true" signature="afterMethod()[pri:0, instance:com.simplilearn.demo.FlipkartLogin@d5b810e]" started-at="2022-10-11T14:14:36 IST" name="afterMethod" finished-at="2022-10-11T14:14:39 IST" duration-ms="3013" status="PASS">
          <reporter-output>
          </reporter-output>
        </test-method> <!-- afterMethod -->
        <test-method signature="Scroll_T6()[pri:0, instance:com.simplilearn.demo.FlipkartLogin@d5b810e]" started-at="2022-10-11T14:14:39 IST" name="Scroll_T6" finished-at="2022-10-11T14:14:39 IST" depends-on-methods="com.simplilearn.demo.FlipkartLogin.Search_T5" duration-ms="41" status="PASS">
          <reporter-output>
          </reporter-output>
        </test-method> <!-- Scroll_T6 -->
        <test-method is-config="true" signature="afterMethod()[pri:0, instance:com.simplilearn.demo.FlipkartLogin@d5b810e]" started-at="2022-10-11T14:14:39 IST" name="afterMethod" finished-at="2022-10-11T14:14:42 IST" duration-ms="3002" status="PASS">
          <reporter-output>
          </reporter-output>
        </test-method> <!-- afterMethod -->
        <test-method is-config="true" signature="Message2()[pri:0, instance:com.simplilearn.demo.FlipkartLogin@d5b810e]" started-at="2022-10-11T14:14:42 IST" name="Message2" finished-at="2022-10-11T14:14:42 IST" duration-ms="0" status="PASS">
          <reporter-output>
          </reporter-output>
        </test-method> <!-- Message2 -->
      </class> <!-- com.simplilearn.demo.FlipkartLogin -->
    </test> <!-- Default test -->
  </suite> <!-- Default suite -->
</testng-results>
