<?xml version="1.0" encoding="UTF-8"?>
<!-- Generated by org.testng.reporters.JUnitXMLReporter -->
<testsuite ignored="0" hostname="DESKTOP-966SGSR" failures="0" tests="3" name="Default test" time="31.405" errors="0" timestamp="2022-10-13T19:44:57 IST">
  <testcase classname="com.simplilearn.driver_your_way_test" name="initialization_T0" time="3.157"/>
  <testcase classname="com.simplilearn.driver_your_way_test" name="cross_T1" time="11.564"/>
  <testcase classname="com.simplilearn.driver_your_way_test" name="cross_T2" time="16.606"/>
</testsuite> <!-- Default test -->
